Arguments: 
  C:\Program Files\nodejs\node.exe C:\Users\denis\AppData\Roaming\npm\node_modules\yarn\bin\yarn.js add termintal kit

PATH: 
  C:\Python310\Scripts\;C:\Python310\;C:\Windows\system32;C:\Windows;C:\Windows\System32\Wbem;C:\Windows\System32\WindowsPowerShell\v1.0\;C:\Windows\System32\OpenSSH\;C:\Program Files\nodejs\;C:\ProgramData\chocolatey\bin;C:\Program Files\Git\cmd;C:\Program Files\Microsoft SQL Server\150\Tools\Binn\;C:\Program Files\erl-24.3.4.2\bin;C:\Program Files (x86)\Elixir\bin;%USERPROFILE%\.mix\escripts;C:\Program Files\Docker\Docker\resources\bin;C:\ProgramData\DockerDesktop\version-bin;C:\msys64\mingw64\bin;F:\PostgreSQL\15\bin\psql;C:\Program Files (x86)\Elm\0.19.1\bin;C:\Users\denis\AppData\Roaming\local\bin;C:\Users\denis\scoop\apps\composer\current\home\vendor\bin;C:\Users\denis\scoop\shims;C:\Users\denis\AppData\Local\Microsoft\WindowsApps;C:\Users\denis\AppData\Local\Programs\Microsoft VS Code\bin;C:\Users\denis\AppData\Roaming\npm;C:\Users\denis\AppData\Local\Programs\Hyper\resources\bin;C:\Users\denis\.dotnet\tools;C:\Users\denis\AppData\Local\JetBrains\Toolbox\scripts;C:\Users\denis\go\bin;F:\IntelliJ IDEA 2022.1.2\bin;F:\WebStorm 2022.2\bin;f:\PhpStorm 2022.2\bin;F:\GoLand 2022.2\bin

Yarn version: 
  1.22.19

Node version: 
  18.13.0

Platform: 
  win32 x64

Trace: 
  Error: https://registry.yarnpkg.com/termintal: Not found
      at params.callback [as _callback] (C:\Users\denis\AppData\Roaming\npm\node_modules\yarn\lib\cli.js:66145:18)
      at self.callback (C:\Users\denis\AppData\Roaming\npm\node_modules\yarn\lib\cli.js:140890:22)
      at Request.emit (node:events:513:28)
      at Request.<anonymous> (C:\Users\denis\AppData\Roaming\npm\node_modules\yarn\lib\cli.js:141862:10)
      at Request.emit (node:events:513:28)
      at IncomingMessage.<anonymous> (C:\Users\denis\AppData\Roaming\npm\node_modules\yarn\lib\cli.js:141784:12)
      at Object.onceWrapper (node:events:627:28)
      at IncomingMessage.emit (node:events:525:35)
      at endReadableNT (node:internal/streams/readable:1359:12)
      at process.processTicksAndRejections (node:internal/process/task_queues:82:21)

npm manifest: 
  {
    "name": "course-subtitle-translater-cli",
    "version": "1.0.0",
    "description": "this cli is running in the course root folder and then it find all subtitle files and translate them and save with the same name and post-fix -{lang} you choose",
    "main": "index.js",
    "author": "Denis Korablev",
    "type": "module",
    "license": "MIT",
    "bin": {
      "translate-subs-cli": "./src/index.js"
    },
    "scripts": {
      "start": "node ./src/index.js"
    },
    "keywords": [
      "Translate",
      "subs"
    ],
    "devDependencies": {
      "@types/node": "^18.11.18"
    }
  }

yarn manifest: 
  No manifest

Lockfile: 
  # THIS IS AN AUTOGENERATED FILE. DO NOT EDIT THIS FILE DIRECTLY.
  # yarn lockfile v1
  
  
  "@types/node@^18.11.18":
    version "18.11.18"
    resolved "https://registry.yarnpkg.com/@types/node/-/node-18.11.18.tgz#8dfb97f0da23c2293e554c5a50d61ef134d7697f"
    integrity sha512-DHQpWGjyQKSHj3ebjFI/wRKcqQcdR+MoFBygntYOZytCqNfkd2ZC4ARDJ2DQqhjH5p85Nnd3jhUJIXrszFX/JA==
